# JRE version: Java(TM) SE Runtime Environment (8.0_112-b15) (build 1.8.0_112-b15)
# Java VM: Java HotSpot(TM) 64-Bit Server VM (25.112-b15 mixed mode windows-amd64 compressed oops)
Heap:
 PSYoungGen      total 322048K, used 16835K [0x00000000eab00000, 0x00000000ffd00000, 0x0000000100000000)
  eden space 302080K, 4% used [0x00000000eab00000,0x00000000eb8956f8,0x00000000fd200000)
  from space 19968K, 14% used [0x00000000fe980000,0x00000000fec5b8d0,0x00000000ffd00000)
  to   space 22016K, 0% used [0x00000000fd200000,0x00000000fd200000,0x00000000fe780000)
 ParOldGen       total 502272K, used 74119K [0x00000000c0000000, 0x00000000dea80000, 0x00000000eab00000)
  object space 502272K, 14% used [0x00000000c0000000,0x00000000c4861fb8,0x00000000dea80000)
 Metaspace       used 113903K, capacity 115118K, committed 118060K, reserved 1148928K
  class space    used 18711K, capacity 19048K, committed 19500K, reserved 1048576K
GC Heap History (10 events):
Event: 346.857 GC heap before
{Heap before GC invocations=61 (full 9):
 PSYoungGen      total 316416K, used 290464K [0x00000000eab00000, 0x0000000100000000, 0x0000000100000000)
  eden space 288256K, 100% used [0x00000000eab00000,0x00000000fc480000,0x00000000fc480000)
  from space 28160K, 7% used [0x00000000fc480000,0x00000000fc6a8070,0x00000000fe000000)
  to   space 27136K, 0% used [0x00000000fe580000,0x00000000fe580000,0x0000000100000000)
 ParOldGen       total 502272K, used 74103K [0x00000000c0000000, 0x00000000dea80000, 0x00000000eab00000)
  object space 502272K, 14% used [0x00000000c0000000,0x00000000c485dfb8,0x00000000dea80000)
 Metaspace       used 113677K, capacity 114922K, committed 118060K, reserved 1148928K
  class space    used 18701K, capacity 19044K, committed 19500K, reserved 1048576K
Event: 346.869 GC heap after
Heap after GC invocations=61 (full 9):
 PSYoungGen      total 317952K, used 2144K [0x00000000eab00000, 0x00000000ffd00000, 0x0000000100000000)
  eden space 293888K, 0% used [0x00000000eab00000,0x00000000eab00000,0x00000000fca00000)
  from space 24064K, 8% used [0x00000000fe580000,0x00000000fe798070,0x00000000ffd00000)
  to   space 26112K, 0% used [0x00000000fca00000,0x00000000fca00000,0x00000000fe380000)
 ParOldGen       total 502272K, used 74111K [0x00000000c0000000, 0x00000000dea80000, 0x00000000eab00000)
  object space 502272K, 14% used [0x00000000c0000000,0x00000000c485ffb8,0x00000000dea80000)
 Metaspace       used 113677K, capacity 114922K, committed 118060K, reserved 1148928K
  class space    used 18701K, capacity 19044K, committed 19500K, reserved 1048576K
}
Event: 353.937 GC heap before
{Heap before GC invocations=62 (full 9):
 PSYoungGen      total 317952K, used 296032K [0x00000000eab00000, 0x00000000ffd00000, 0x0000000100000000)
  eden space 293888K, 100% used [0x00000000eab00000,0x00000000fca00000,0x00000000fca00000)
  from space 24064K, 8% used [0x00000000fe580000,0x00000000fe798070,0x00000000ffd00000)
  to   space 26112K, 0% used [0x00000000fca00000,0x00000000fca00000,0x00000000fe380000)
 ParOldGen       total 502272K, used 74111K [0x00000000c0000000, 0x00000000dea80000, 0x00000000eab00000)
  object space 502272K, 14% used [0x00000000c0000000,0x00000000c485ffb8,0x00000000dea80000)
 Metaspace       used 113677K, capacity 114922K, committed 118060K, reserved 1148928K
  class space    used 18701K, capacity 19044K, committed 19500K, reserved 1048576K
Event: 353.952 GC heap after
Heap after GC invocations=62 (full 9):
 PSYoungGen      total 320000K, used 2144K [0x00000000eab00000, 0x0000000100000000, 0x0000000100000000)
  eden space 293888K, 0% used [0x00000000eab00000,0x00000000eab00000,0x00000000fca00000)
  from space 26112K, 8% used [0x00000000fca00000,0x00000000fcc18070,0x00000000fe380000)
  to   space 25088K, 0% used [0x00000000fe780000,0x00000000fe780000,0x0000000100000000)
 ParOldGen       total 502272K, used 74119K [0x00000000c0000000, 0x00000000dea80000, 0x00000000eab00000)
  object space 502272K, 14% used [0x00000000c0000000,0x00000000c4861fb8,0x00000000dea80000)
 Metaspace       used 113677K, capacity 114922K, committed 118060K, reserved 1148928K
  class space    used 18701K, capacity 19044K, committed 19500K, reserved 1048576K
}
Event: 363.626 GC heap before
{Heap before GC invocations=63 (full 9):
 PSYoungGen      total 320000K, used 296032K [0x00000000eab00000, 0x0000000100000000, 0x0000000100000000)
  eden space 293888K, 100% used [0x00000000eab00000,0x00000000fca00000,0x00000000fca00000)
  from space 26112K, 8% used [0x00000000fca00000,0x00000000fcc18070,0x00000000fe380000)
  to   space 25088K, 0% used [0x00000000fe780000,0x00000000fe780000,0x0000000100000000)
 ParOldGen       total 502272K, used 74119K [0x00000000c0000000, 0x00000000dea80000, 0x00000000eab00000)
  object space 502272K, 14% used [0x00000000c0000000,0x00000000c4861fb8,0x00000000dea80000)
 Metaspace       used 113677K, capacity 114922K, committed 118060K, reserved 1148928K
  class space    used 18701K, capacity 19044K, committed 19500K, reserved 1048576K
Event: 363.639 GC heap after
Heap after GC invocations=63 (full 9):
 PSYoungGen      total 320000K, used 2176K [0x00000000eab00000, 0x00000000ffd00000, 0x0000000100000000)
  eden space 297984K, 0% used [0x00000000eab00000,0x00000000eab00000,0x00000000fce00000)
  from space 22016K, 9% used [0x00000000fe780000,0x00000000fe9a0070,0x00000000ffd00000)
  to   space 24064K, 0% used [0x00000000fce00000,0x00000000fce00000,0x00000000fe580000)
 ParOldGen       total 502272K, used 74119K [0x00000000c0000000, 0x00000000dea80000, 0x00000000eab00000)
  object space 502272K, 14% used [0x00000000c0000000,0x00000000c4861fb8,0x00000000dea80000)
 Metaspace       used 113677K, capacity 114922K, committed 118060K, reserved 1148928K
  class space    used 18701K, capacity 19044K, committed 19500K, reserved 1048576K
}
Event: 373.671 GC heap before
{Heap before GC invocations=64 (full 9):
 PSYoungGen      total 320000K, used 300160K [0x00000000eab00000, 0x00000000ffd00000, 0x0000000100000000)
  eden space 297984K, 100% used [0x00000000eab00000,0x00000000fce00000,0x00000000fce00000)
  from space 22016K, 9% used [0x00000000fe780000,0x00000000fe9a0070,0x00000000ffd00000)
  to   space 24064K, 0% used [0x00000000fce00000,0x00000000fce00000,0x00000000fe580000)
 ParOldGen       total 502272K, used 74119K [0x00000000c0000000, 0x00000000dea80000, 0x00000000eab00000)
  object space 502272K, 14% used [0x00000000c0000000,0x00000000c4861fb8,0x00000000dea80000)
 Metaspace       used 113677K, capacity 114922K, committed 118060K, reserved 1148928K
  class space    used 18701K, capacity 19044K, committed 19500K, reserved 1048576K
Event: 373.686 GC heap after
Heap after GC invocations=64 (full 9):
 PSYoungGen      total 322048K, used 2112K [0x00000000eab00000, 0x0000000100000000, 0x0000000100000000)
  eden space 297984K, 0% used [0x00000000eab00000,0x00000000eab00000,0x00000000fce00000)
  from space 24064K, 8% used [0x00000000fce00000,0x00000000fd010070,0x00000000fe580000)
  to   space 23040K, 0% used [0x00000000fe980000,0x00000000fe980000,0x0000000100000000)
 ParOldGen       total 502272K, used 74119K [0x00000000c0000000, 0x00000000dea80000, 0x00000000eab00000)
  object space 502272K, 14% used [0x00000000c0000000,0x00000000c4861fb8,0x00000000dea80000)
 Metaspace       used 113677K, capacity 114922K, committed 118060K, reserved 1148928K
  class space    used 18701K, capacity 19044K, committed 19500K, reserved 1048576K
}
Event: 383.133 GC heap before
{Heap before GC invocations=65 (full 9):
 PSYoungGen      total 322048K, used 300096K [0x00000000eab00000, 0x0000000100000000, 0x0000000100000000)
  eden space 297984K, 100% used [0x00000000eab00000,0x00000000fce00000,0x00000000fce00000)
  from space 24064K, 8% used [0x00000000fce00000,0x00000000fd010070,0x00000000fe580000)
  to   space 23040K, 0% used [0x00000000fe980000,0x00000000fe980000,0x0000000100000000)
 ParOldGen       total 502272K, used 74119K [0x00000000c0000000, 0x00000000dea80000, 0x00000000eab00000)
  object space 502272K, 14% used [0x00000000c0000000,0x00000000c4861fb8,0x00000000dea80000)
 Metaspace       used 113890K, capacity 115054K, committed 118060K, reserved 1148928K
  class space    used 18711K, capacity 19048K, committed 19500K, reserved 1048576K
Event: 383.155 GC heap after
Heap after GC invocations=65 (full 9):
 PSYoungGen      total 322048K, used 2926K [0x00000000eab00000, 0x00000000ffd00000, 0x0000000100000000)
  eden space 302080K, 0% used [0x00000000eab00000,0x00000000eab00000,0x00000000fd200000)
  from space 19968K, 14% used [0x00000000fe980000,0x00000000fec5b8d0,0x00000000ffd00000)
  to   space 22016K, 0% used [0x00000000fd200000,0x00000000fd200000,0x00000000fe780000)
 ParOldGen       total 502272K, used 74119K [0x00000000c0000000, 0x00000000dea80000, 0x00000000eab00000)
  object space 502272K, 14% used [0x00000000c0000000,0x00000000c4861fb8,0x00000000dea80000)
 Metaspace       used 113890K, capacity 115054K, committed 118060K, reserved 1148928K
  class space    used 18711K, capacity 19048K, committed 19500K, reserved 1048576K
}

